Determining if the pthread_create exist failed with the following output:
Change Dir: /home/recolic/Documents/hust_shits/4/src/CMakeFiles/CMakeTmp

Run Build Command:"/usr/bin/make" "cmTC_46df9/fast"
/usr/bin/make -f CMakeFiles/cmTC_46df9.dir/build.make CMakeFiles/cmTC_46df9.dir/build
make[1]: 进入目录“/home/recolic/Documents/hust_shits/4/src/CMakeFiles/CMakeTmp”
Building C object CMakeFiles/cmTC_46df9.dir/CheckSymbolExists.c.o
/usr/bin/cc    -o CMakeFiles/cmTC_46df9.dir/CheckSymbolExists.c.o   -c /home/recolic/Documents/hust_shits/4/src/CMakeFiles/CMakeTmp/CheckSymbolExists.c
Linking C executable cmTC_46df9
/home/recolic/program/clion-2017.1.3/bin/cmake/bin/cmake -E cmake_link_script CMakeFiles/cmTC_46df9.dir/link.txt --verbose=1
/usr/bin/cc      -rdynamic CMakeFiles/cmTC_46df9.dir/CheckSymbolExists.c.o  -o cmTC_46df9 
CMakeFiles/cmTC_46df9.dir/CheckSymbolExists.c.o：在函数‘main’中：
CheckSymbolExists.c:(.text+0x1b)：对‘pthread_create’未定义的引用
collect2: 错误：ld 返回 1
make[1]: *** [CMakeFiles/cmTC_46df9.dir/build.make:98：cmTC_46df9] 错误 1
make[1]: 离开目录“/home/recolic/Documents/hust_shits/4/src/CMakeFiles/CMakeTmp”
make: *** [Makefile:126：cmTC_46df9/fast] 错误 2

File /home/recolic/Documents/hust_shits/4/src/CMakeFiles/CMakeTmp/CheckSymbolExists.c:
/* */
#include <pthread.h>

int main(int argc, char** argv)
{
  (void)argv;
#ifndef pthread_create
  return ((int*)(&pthread_create))[argc];
#else
  (void)argc;
  return 0;
#endif
}

